<?xml version="1.0" encoding="UTF-8"?>
<!-- Generated by org.testng.reporters.JUnitReportReporter -->
<testsuite hostname="DESKTOP-T7QVJUB" failures="0" tests="3" name="testCases.TC_01_AccountReg_Test" time="17.237" errors="0" timestamp="2024-09-27T23:05:23 IST" skipped="0">
  <testcase classname="testCases.TC_01_AccountReg_Test" name="verify_Account_reg" time="9.655"/>
  <testcase classname="testCases.TC_01_AccountReg_Test" name="verify_Account_reg" time="5.129"/>
  <testcase classname="testCases.TC_01_AccountReg_Test" name="verify_Account_reg" time="2.453"/>
</testsuite> <!-- testCases.TC_01_AccountReg_Test -->
