<?xml version="1.0" encoding="UTF-8"?>
<!-- Generated by org.testng.reporters.JUnitReportReporter -->
<testsuite hostname="DESKTOP-T7QVJUB" failures="0" tests="1" name="testCases.TC_02_LoginPage" time="2.250" errors="0" timestamp="2024-09-27T23:06:34 IST" skipped="0">
  <testcase classname="testCases.TC_02_LoginPage" name="verifyloginpage" time="2.250"/>
</testsuite> <!-- testCases.TC_02_LoginPage -->
