<?xml version="1.0" encoding="UTF-8"?>
<!-- Generated by org.testng.reporters.JUnitReportReporter -->
<testsuite hostname="DESKTOP-T7QVJUB" failures="0" tests="1" name="testCases.TC_02_LoginPage" time="2.381" errors="0" timestamp="2024-10-18T14:29:05 IST" skipped="0">
  <testcase classname="testCases.TC_02_LoginPage" name="verifyloginpage" time="2.381"/>
</testsuite> <!-- testCases.TC_02_LoginPage -->
